<?xml version="1.0" encoding="UTF-8"?>
<testng-results total="2" passed="2" failed="0" skipped="0">
  <reporter-output>
  </reporter-output>
  <suite started-at="2024-06-27T05:36:40Z" name="Test Suite for Buildout" finished-at="2024-06-27T05:37:16Z" duration-ms="36068">
    <groups>
    </groups>
    <test started-at="2024-06-27T05:36:40Z" name="Test Cases for Buildout" finished-at="2024-06-27T05:37:16Z" duration-ms="36068">
      <class name="demo.TestCases">
        <test-method is-config="true" signature="startBrowser()[pri:0, instance:demo.TestCases@395b56bb]" started-at="2024-06-27T11:06:40Z" name="startBrowser" finished-at="2024-06-27T11:06:46Z" duration-ms="5458" status="PASS">
          <reporter-output>
          </reporter-output>
        </test-method> <!-- startBrowser -->
        <test-method is-config="true" signature="getURL()[pri:0, instance:demo.TestCases@395b56bb]" started-at="2024-06-27T11:06:46Z" name="getURL" finished-at="2024-06-27T11:06:49Z" duration-ms="3619" status="PASS">
          <reporter-output>
          </reporter-output>
        </test-method> <!-- getURL -->
        <test-method signature="testCase01()[pri:1, instance:demo.TestCases@395b56bb]" started-at="2024-06-27T11:06:49Z" name="testCase01" description="testcase 01" finished-at="2024-06-27T11:06:57Z" duration-ms="7987" status="PASS">
          <reporter-output>
          </reporter-output>
        </test-method> <!-- testCase01 -->
        <test-method is-config="true" signature="getURL()[pri:0, instance:demo.TestCases@395b56bb]" started-at="2024-06-27T11:06:57Z" name="getURL" finished-at="2024-06-27T11:06:58Z" duration-ms="1241" status="PASS">
          <reporter-output>
          </reporter-output>
        </test-method> <!-- getURL -->
        <test-method signature="testCase02()[pri:2, instance:demo.TestCases@395b56bb]" started-at="2024-06-27T11:06:58Z" name="testCase02" description="test case 02" finished-at="2024-06-27T11:07:15Z" duration-ms="16973" status="PASS">
          <reporter-output>
          </reporter-output>
        </test-method> <!-- testCase02 -->
        <test-method is-config="true" signature="endTest()[pri:0, instance:demo.TestCases@395b56bb]" started-at="2024-06-27T11:07:15Z" name="endTest" finished-at="2024-06-27T11:07:16Z" duration-ms="775" status="PASS">
          <reporter-output>
          </reporter-output>
        </test-method> <!-- endTest -->
      </class> <!-- demo.TestCases -->
    </test> <!-- Test Cases for Buildout -->
  </suite> <!-- Test Suite for Buildout -->
</testng-results>
